<?xml version="1.0" encoding="UTF-8"?>
<!-- Generated by org.testng.reporters.JUnitXMLReporter -->
<testsuite hostname="LAPTOP-CBG4S6DJ" ignored="0" name="Test" tests="4" failures="0" timestamp="26 Sep 2019 08:37:36 GMT" time="13.951" errors="0">
  <testcase name="f" time="0.012" classname="testcase.NewTest"/>
  <testcase name="f" time="0.008" classname="testcase.NewTest"/>
  <testcase name="googlePage" time="4.572" classname="testcase.NewTest"/>
  <testcase name="login" time="0.001" classname="testcase.NewTest"/>
</testsuite> <!-- Test -->
