<?xml version="1.0" encoding="UTF-8"?>
<testng-results skipped="0" failed="0" ignored="0" total="4" passed="4">
  <reporter-output>
  </reporter-output>
  <suite name="Suite" duration-ms="13951" started-at="2019-09-26T08:37:22Z" finished-at="2019-09-26T08:37:36Z">
    <groups>
    </groups>
    <test name="Test" duration-ms="13951" started-at="2019-09-26T08:37:22Z" finished-at="2019-09-26T08:37:36Z">
      <class name="testcase.NewTest">
        <test-method status="PASS" signature="beforeTest()[pri:0, instance:testcase.NewTest@d8355a8]" name="beforeTest" is-config="true" duration-ms="9310" started-at="2019-09-26T08:37:22Z" finished-at="2019-09-26T08:37:31Z">
          <reporter-output>
          </reporter-output>
        </test-method> <!-- beforeTest -->
        <test-method status="PASS" signature="f(java.lang.Integer, java.lang.String)[pri:0, instance:testcase.NewTest@d8355a8]" name="f" duration-ms="12" started-at="2019-09-26T08:37:31Z" data-provider="dp" finished-at="2019-09-26T08:37:31Z">
          <params>
            <param index="0">
              <value>
                <![CDATA[1]]>
              </value>
            </param>
            <param index="1">
              <value>
                <![CDATA[a]]>
              </value>
            </param>
          </params>
          <reporter-output>
          </reporter-output>
        </test-method> <!-- f -->
        <test-method status="PASS" signature="f(java.lang.Integer, java.lang.String)[pri:0, instance:testcase.NewTest@d8355a8]" name="f" duration-ms="8" started-at="2019-09-26T08:37:31Z" data-provider="dp" finished-at="2019-09-26T08:37:31Z">
          <params>
            <param index="0">
              <value>
                <![CDATA[2]]>
              </value>
            </param>
            <param index="1">
              <value>
                <![CDATA[b]]>
              </value>
            </param>
          </params>
          <reporter-output>
          </reporter-output>
        </test-method> <!-- f -->
        <test-method status="PASS" signature="googlePage()[pri:0, instance:testcase.NewTest@d8355a8]" name="googlePage" duration-ms="4572" started-at="2019-09-26T08:37:31Z" finished-at="2019-09-26T08:37:36Z">
          <reporter-output>
          </reporter-output>
        </test-method> <!-- googlePage -->
        <test-method status="PASS" signature="login()[pri:1, instance:testcase.NewTest@d8355a8]" name="login" duration-ms="1" started-at="2019-09-26T08:37:36Z" finished-at="2019-09-26T08:37:36Z">
          <reporter-output>
          </reporter-output>
        </test-method> <!-- login -->
      </class> <!-- testcase.NewTest -->
    </test> <!-- Test -->
  </suite> <!-- Suite -->
</testng-results>
